<?xml version="1.0" encoding="UTF-8"?>
<!-- Generated by org.testng.reporters.JUnitXMLReporter -->
<testsuite ignored="8" hostname="ACER-PC" failures="0" tests="1" name="Default test" time="6.861" errors="0" timestamp="2021-02-10T21:04:28 IST">
  <testcase classname="tests.RestAssuredTest" name="restTest41" time="6.786"/>
  <testcase classname="tests.RestAssuredTest" name="restTest52" time="0.0">
    <ignored/>
  </testcase> <!-- restTest52 -->
  <testcase classname="tests.RestAssuredTest" name="restTest21" time="0.0">
    <ignored/>
  </testcase> <!-- restTest21 -->
  <testcase classname="tests.RestAssuredTest" name="restTest32" time="0.0">
    <ignored/>
  </testcase> <!-- restTest32 -->
  <testcase classname="tests.RestAssuredTest" name="restTest51" time="0.0">
    <ignored/>
  </testcase> <!-- restTest51 -->
  <testcase classname="tests.RestAssuredTest" name="restTest42" time="0.0">
    <ignored/>
  </testcase> <!-- restTest42 -->
  <testcase classname="tests.RestAssuredTest" name="restTest31" time="0.0">
    <ignored/>
  </testcase> <!-- restTest31 -->
  <testcase classname="tests.RestAssuredTest" name="restTest22" time="0.0">
    <ignored/>
  </testcase> <!-- restTest22 -->
  <testcase classname="tests.RestAssuredTest" name="restTest1" time="0.0">
    <ignored/>
  </testcase> <!-- restTest1 -->
</testsuite> <!-- Default test -->
