<?xml version="1.0" encoding="UTF-8"?>
<!-- Generated by org.testng.reporters.JUnitXMLReporter -->
<testsuite ignored="0" hostname="ACER-PC" failures="0" tests="10" name="Test" time="68.131" errors="0" timestamp="2021-02-11T16:03:52 IST">
  <testcase classname="tests.ProductCheckoutTest" name="productCheckOut" time="47.429"/>
  <testcase classname="tests.RestAssuredTest" name="restTest1" time="6.372"/>
  <testcase classname="tests.RestAssuredTest" name="restTest21" time="1.483"/>
  <testcase classname="tests.RestAssuredTest" name="restTest22" time="0.904"/>
  <testcase classname="tests.RestAssuredTest" name="restTest31" time="1.111"/>
  <testcase classname="tests.RestAssuredTest" name="restTest32" time="0.846"/>
  <testcase classname="tests.RestAssuredTest" name="restTest41" time="1.012"/>
  <testcase classname="tests.RestAssuredTest" name="restTest42" time="0.948"/>
  <testcase classname="tests.RestAssuredTest" name="restTest51" time="0.987"/>
  <testcase classname="tests.RestAssuredTest" name="restTest52" time="0.949"/>
</testsuite> <!-- Test -->
