<?xml version="1.0" encoding="UTF-8"?>
<testng-results ignored="0" total="10" passed="10" failed="0" skipped="0">
  <reporter-output>
  </reporter-output>
  <suite started-at="2021-02-11T16:02:44 IST" name="Suite" finished-at="2021-02-11T16:03:52 IST" duration-ms="68131">
    <groups>
    </groups>
    <test started-at="2021-02-11T16:02:44 IST" name="Test" finished-at="2021-02-11T16:03:52 IST" duration-ms="68131">
      <class name="tests.ProductCheckoutTest">
        <test-method is-config="true" signature="browserLaunch()[pri:0, instance:tests.ProductCheckoutTest@4a22f9e2]" started-at="2021-02-11T16:02:44 IST" name="browserLaunch" finished-at="2021-02-11T16:02:49 IST" duration-ms="5054" status="PASS">
          <reporter-output>
          </reporter-output>
        </test-method> <!-- browserLaunch -->
        <test-method signature="productCheckOut()[pri:0, instance:tests.ProductCheckoutTest@4a22f9e2]" started-at="2021-02-11T16:02:49 IST" name="productCheckOut" finished-at="2021-02-11T16:03:37 IST" duration-ms="47429" status="PASS">
          <reporter-output>
          </reporter-output>
        </test-method> <!-- productCheckOut -->
        <test-method is-config="true" signature="tearDown()[pri:0, instance:tests.ProductCheckoutTest@4a22f9e2]" started-at="2021-02-11T16:03:37 IST" name="tearDown" finished-at="2021-02-11T16:03:37 IST" duration-ms="831" status="PASS">
          <reporter-output>
          </reporter-output>
        </test-method> <!-- tearDown -->
      </class> <!-- tests.ProductCheckoutTest -->
      <class name="tests.RestAssuredTest">
        <test-method signature="restTest1()[pri:0, instance:tests.RestAssuredTest@3c419631]" started-at="2021-02-11T16:03:38 IST" name="restTest1" finished-at="2021-02-11T16:03:44 IST" duration-ms="6372" status="PASS">
          <reporter-output>
          </reporter-output>
        </test-method> <!-- restTest1 -->
        <test-method signature="restTest21()[pri:1, instance:tests.RestAssuredTest@3c419631]" started-at="2021-02-11T16:03:44 IST" name="restTest21" finished-at="2021-02-11T16:03:45 IST" duration-ms="1483" status="PASS">
          <reporter-output>
          </reporter-output>
        </test-method> <!-- restTest21 -->
        <test-method signature="restTest22()[pri:2, instance:tests.RestAssuredTest@3c419631]" started-at="2021-02-11T16:03:45 IST" name="restTest22" finished-at="2021-02-11T16:03:46 IST" duration-ms="904" status="PASS">
          <reporter-output>
          </reporter-output>
        </test-method> <!-- restTest22 -->
        <test-method signature="restTest31()[pri:3, instance:tests.RestAssuredTest@3c419631]" started-at="2021-02-11T16:03:46 IST" name="restTest31" finished-at="2021-02-11T16:03:47 IST" duration-ms="1111" status="PASS">
          <reporter-output>
          </reporter-output>
        </test-method> <!-- restTest31 -->
        <test-method signature="restTest32()[pri:4, instance:tests.RestAssuredTest@3c419631]" started-at="2021-02-11T16:03:47 IST" name="restTest32" finished-at="2021-02-11T16:03:48 IST" duration-ms="846" status="PASS">
          <reporter-output>
          </reporter-output>
        </test-method> <!-- restTest32 -->
        <test-method signature="restTest41()[pri:5, instance:tests.RestAssuredTest@3c419631]" started-at="2021-02-11T16:03:48 IST" name="restTest41" finished-at="2021-02-11T16:03:49 IST" duration-ms="1012" status="PASS">
          <reporter-output>
          </reporter-output>
        </test-method> <!-- restTest41 -->
        <test-method signature="restTest42()[pri:6, instance:tests.RestAssuredTest@3c419631]" started-at="2021-02-11T16:03:49 IST" name="restTest42" finished-at="2021-02-11T16:03:50 IST" duration-ms="948" status="PASS">
          <reporter-output>
          </reporter-output>
        </test-method> <!-- restTest42 -->
        <test-method signature="restTest51()[pri:7, instance:tests.RestAssuredTest@3c419631]" started-at="2021-02-11T16:03:50 IST" name="restTest51" finished-at="2021-02-11T16:03:51 IST" duration-ms="987" status="PASS">
          <reporter-output>
          </reporter-output>
        </test-method> <!-- restTest51 -->
        <test-method signature="restTest52()[pri:8, instance:tests.RestAssuredTest@3c419631]" started-at="2021-02-11T16:03:51 IST" name="restTest52" finished-at="2021-02-11T16:03:52 IST" duration-ms="949" status="PASS">
          <reporter-output>
          </reporter-output>
        </test-method> <!-- restTest52 -->
      </class> <!-- tests.RestAssuredTest -->
    </test> <!-- Test -->
  </suite> <!-- Suite -->
</testng-results>
